<?xml version="1.0" encoding="UTF-8"?>
<!-- Generated by org.testng.reporters.JUnitReportReporter -->
<testsuite hostname="LAPTOP-6H0FSJA9" failures="0" tests="6" name="com.qa.employeestestcases.TC__002__GetSingleEmployee" time="0.006" errors="0" timestamp="2022-11-24T07:59:57 IST" skipped="0">
  <testcase classname="com.qa.employeestestcases.TC__002__GetSingleEmployee" name="servertype" time="0.000"/>
  <system-out/>
  <testcase classname="com.qa.employeestestcases.TC__002__GetSingleEmployee" name="checkResponseBody" time="0.003"/>
  <system-out/>
  <testcase classname="com.qa.employeestestcases.TC__002__GetSingleEmployee" name="contenttype" time="0.001"/>
  <system-out/>
  <testcase classname="com.qa.employeestestcases.TC__002__GetSingleEmployee" name="checkresponsetime" time="0.001"/>
  <system-out/>
  <testcase classname="com.qa.employeestestcases.TC__002__GetSingleEmployee" name="checkstatuscode" time="0.001"/>
  <system-out/>
  <testcase classname="com.qa.employeestestcases.TC__002__GetSingleEmployee" name="checkstatusline" time="0.000"/>
  <system-out/>
</testsuite> <!-- com.qa.employeestestcases.TC__002__GetSingleEmployee -->
