<?xml version="1.0" encoding="UTF-8"?>
<!-- Generated by org.testng.reporters.JUnitReportReporter -->
<testsuite hostname="LAPTOP-6H0FSJA9" failures="0" tests="2" name="Datadrivenrest" time="4.324" errors="0" timestamp="2022-11-23T14:09:25 IST" skipped="0">
  <testcase classname="Datadrivenrest" name="getdata" time="1.902"/>
  <system-out/>
  <testcase classname="Datadrivenrest" name="getdata" time="2.422"/>
  <system-out/>
</testsuite> <!-- Datadrivenrest -->
