<?xml version="1.0" encoding="UTF-8"?>
<!-- Generated by org.testng.reporters.JUnitReportReporter -->
<testsuite hostname="LAPTOP-6H0FSJA9" failures="0" tests="1" name="TC__001_GETRequest" time="2.678" errors="0" timestamp="2022-11-23T19:07:09 IST" skipped="0">
  <testcase classname="TC__001_GETRequest" name="getweatherdetails" time="2.678"/>
  <system-out/>
</testsuite> <!-- TC__001_GETRequest -->
